<?xml version="1.0" encoding="UTF-8"?>
<testsuite xmlns:xsi="http://www.w3.org/2001/XMLSchema-instance" xsi:noNamespaceSchemaLocation="https://maven.apache.org/surefire/maven-surefire-plugin/xsd/surefire-test-report.xsd" name="myRunner.TestRunner" time="0.453" tests="1" errors="1" skipped="0" failures="0">
  <properties>
[...]
</properties>
  <testcase name="Verifying login functionalities with positive test" classname="Validating login page" time="0.06">
    <error type="java.lang.NullPointerException">java.lang.NullPointerException
</error>
    <system-out><![CDATA[@Regression
Feature: Validating login page

  @Regression @run
  Scenario: Verifying login functionalities with positive test &amp#27;[90m# Features/login.feature:4&amp#27;[0m
    &amp#27;[31mGiven &amp#27;[0m&amp#27;[31mUser launches &amp#27;[0m&amp#27;[31m&amp#27;[1m"http://fidelity.com"&amp#27;[0m                  &amp#27;[90m# LoginSteps.user_launches(String)&amp#27;[0m
      &amp#27;[31mjava.lang.NullPointerException
	at stepDefinitions.LoginSteps.user_launches(LoginSteps.java:38)
	at ✽.User launches "http://fidelity.com"(file:Features/login.feature:5)
&amp#27;[0m
    &amp#27;[36mWhen &amp#27;[0m&amp#27;[36mUser enters Username &amp#27;[0m&amp#27;[36m&amp#27;[1m"megalodongroupi"&amp#27;[0m                &amp#27;[90m# LoginSteps.user_enters_Username(String)&amp#27;[0m
    &amp#27;[36mAnd &amp#27;[0m&amp#27;[36mUser enters password as &amp#27;[0m&amp#27;[36m&amp#27;[1m"ramin456In"&amp#27;[0m                   &amp#27;[90m# LoginSteps.user_enters_password_as(String)&amp#27;[0m
    &amp#27;[36mAnd &amp#27;[0m&amp#27;[36mUser clicks on Login button&amp#27;[0m                            &amp#27;[90m# LoginSteps.user_clicks_on_Login_button()&amp#27;[0m
    &amp#27;[36mThen &amp#27;[0m&amp#27;[36mGet the Title of Page and Close&amp#27;[0m                       &amp#27;[90m# LoginSteps.get_the_Title_of_Page_and_Close()&amp#27;[0m
]]></system-out>
    <system-err><![CDATA[Jun 15, 2021 12:01:27 PM cucumber.runtime.filter.TagExpressionOld isOldTagExpression
WARNING: Found tags option '@run, @Regression'. Support for '@tag1,@tag2' will be removed from the next release of Cucumber-JVM. Please use '@tag or @tag2' instead
]]></system-err>
  </testcase>
</testsuite>